2025-10-03 08:37:36 [main] INFO  o.s.t.c.s.AnnotationConfigContextLoaderUtils - Could not detect default configuration classes for test class [uz.brb.loan_management_system.CardControllerTest]: CardControllerTest does not declare any static, non-private, non-final, nested classes annotated with @Configuration.
2025-10-03 08:37:36 [main] INFO  o.s.b.t.c.SpringBootTestContextBootstrapper - Found @SpringBootConfiguration uz.brb.loan_management_system.LoanManagementSystemApplication for test class uz.brb.loan_management_system.CardControllerTest
2025-10-03 08:37:37 [background-preinit] INFO  o.h.validator.internal.util.Version - HV000001: Hibernate Validator 8.0.2.Final
2025-10-03 08:37:38 [main] INFO  u.b.l.CardControllerTest - Starting CardControllerTest using Java 17.0.6 with PID 13424 (started by norin in C:\Abbos\Spring Project\Test Projects\LoanManagementSystem)
2025-10-03 08:37:38 [main] INFO  u.b.l.CardControllerTest - The following 1 profile is active: "dev"
2025-10-03 08:37:44 [main] WARN  o.s.b.a.s.s.UserDetailsServiceAutoConfiguration - 

Using generated security password: 8d574bb8-4a4e-4056-8480-feb384352305

This generated password is for development use only. Your security configuration must be updated before running your application in production.

2025-10-03 08:37:44 [main] INFO  o.s.s.c.a.a.c.InitializeUserDetailsBeanManagerConfigurer$InitializeUserDetailsManagerConfigurer - Global AuthenticationManager configured with UserDetailsService bean with name inMemoryUserDetailsManager
2025-10-03 08:37:44 [main] INFO  o.s.b.t.m.w.SpringBootMockServletContext - Initializing Spring TestDispatcherServlet ''
2025-10-03 08:37:44 [main] INFO  o.s.t.w.s.TestDispatcherServlet - Initializing Servlet ''
2025-10-03 08:37:44 [main] INFO  o.s.t.w.s.TestDispatcherServlet - Completed initialization in 7 ms
2025-10-03 08:37:45 [main] INFO  u.b.l.CardControllerTest - Started CardControllerTest in 8.106 seconds (process running for 12.769)
2025-10-03 08:39:15 [main] INFO  o.s.t.c.s.AnnotationConfigContextLoaderUtils - Could not detect default configuration classes for test class [uz.brb.loan_management_system.CardControllerTest]: CardControllerTest does not declare any static, non-private, non-final, nested classes annotated with @Configuration.
2025-10-03 08:39:16 [main] INFO  o.s.b.t.c.SpringBootTestContextBootstrapper - Found @SpringBootConfiguration uz.brb.loan_management_system.LoanManagementSystemApplication for test class uz.brb.loan_management_system.CardControllerTest
2025-10-03 08:39:16 [background-preinit] INFO  o.h.validator.internal.util.Version - HV000001: Hibernate Validator 8.0.2.Final
2025-10-03 08:39:16 [main] INFO  u.b.l.CardControllerTest - Starting CardControllerTest using Java 17.0.6 with PID 4036 (started by norin in C:\Abbos\Spring Project\Test Projects\LoanManagementSystem)
2025-10-03 08:39:16 [main] INFO  u.b.l.CardControllerTest - The following 1 profile is active: "dev"
2025-10-03 08:39:20 [main] WARN  o.s.b.a.s.s.UserDetailsServiceAutoConfiguration - 

Using generated security password: fb7174f0-1770-4e24-8a7b-67b38167e266

This generated password is for development use only. Your security configuration must be updated before running your application in production.

2025-10-03 08:39:20 [main] INFO  o.s.s.c.a.a.c.InitializeUserDetailsBeanManagerConfigurer$InitializeUserDetailsManagerConfigurer - Global AuthenticationManager configured with UserDetailsService bean with name inMemoryUserDetailsManager
2025-10-03 08:39:20 [main] INFO  o.s.b.t.m.w.SpringBootMockServletContext - Initializing Spring TestDispatcherServlet ''
2025-10-03 08:39:20 [main] INFO  o.s.t.w.s.TestDispatcherServlet - Initializing Servlet ''
2025-10-03 08:39:20 [main] INFO  o.s.t.w.s.TestDispatcherServlet - Completed initialization in 2 ms
2025-10-03 08:39:20 [main] INFO  u.b.l.CardControllerTest - Started CardControllerTest in 4.741 seconds (process running for 6.724)
2025-10-03 08:39:40 [main] INFO  o.s.t.c.s.AnnotationConfigContextLoaderUtils - Could not detect default configuration classes for test class [uz.brb.loan_management_system.CardControllerTest]: CardControllerTest does not declare any static, non-private, non-final, nested classes annotated with @Configuration.
2025-10-03 08:39:40 [main] INFO  o.s.b.t.c.SpringBootTestContextBootstrapper - Found @SpringBootConfiguration uz.brb.loan_management_system.LoanManagementSystemApplication for test class uz.brb.loan_management_system.CardControllerTest
2025-10-03 08:39:41 [background-preinit] INFO  o.h.validator.internal.util.Version - HV000001: Hibernate Validator 8.0.2.Final
2025-10-03 08:39:41 [main] INFO  u.b.l.CardControllerTest - Starting CardControllerTest using Java 17.0.6 with PID 17960 (started by norin in C:\Abbos\Spring Project\Test Projects\LoanManagementSystem)
2025-10-03 08:39:41 [main] INFO  u.b.l.CardControllerTest - The following 1 profile is active: "dev"
2025-10-03 08:39:44 [main] WARN  o.s.b.a.s.s.UserDetailsServiceAutoConfiguration - 

Using generated security password: 0226051d-ed59-453f-8b39-c94381a2fe70

This generated password is for development use only. Your security configuration must be updated before running your application in production.

2025-10-03 08:39:44 [main] INFO  o.s.s.c.a.a.c.InitializeUserDetailsBeanManagerConfigurer$InitializeUserDetailsManagerConfigurer - Global AuthenticationManager configured with UserDetailsService bean with name inMemoryUserDetailsManager
2025-10-03 08:39:45 [main] INFO  o.s.b.t.m.w.SpringBootMockServletContext - Initializing Spring TestDispatcherServlet ''
2025-10-03 08:39:45 [main] INFO  o.s.t.w.s.TestDispatcherServlet - Initializing Servlet ''
2025-10-03 08:39:45 [main] INFO  o.s.t.w.s.TestDispatcherServlet - Completed initialization in 2 ms
2025-10-03 08:39:45 [main] INFO  u.b.l.CardControllerTest - Started CardControllerTest in 4.158 seconds (process running for 6.133)
2025-10-03 08:40:00 [main] INFO  o.s.t.c.s.AnnotationConfigContextLoaderUtils - Could not detect default configuration classes for test class [uz.brb.loan_management_system.CardControllerTest]: CardControllerTest does not declare any static, non-private, non-final, nested classes annotated with @Configuration.
2025-10-03 08:40:00 [main] INFO  o.s.b.t.c.SpringBootTestContextBootstrapper - Found @SpringBootConfiguration uz.brb.loan_management_system.LoanManagementSystemApplication for test class uz.brb.loan_management_system.CardControllerTest
2025-10-03 08:40:01 [background-preinit] INFO  o.h.validator.internal.util.Version - HV000001: Hibernate Validator 8.0.2.Final
2025-10-03 08:40:01 [main] INFO  u.b.l.CardControllerTest - Starting CardControllerTest using Java 17.0.6 with PID 7344 (started by norin in C:\Abbos\Spring Project\Test Projects\LoanManagementSystem)
2025-10-03 08:40:01 [main] INFO  u.b.l.CardControllerTest - The following 1 profile is active: "dev"
2025-10-03 08:40:04 [main] WARN  o.s.b.a.s.s.UserDetailsServiceAutoConfiguration - 

Using generated security password: e10621ed-a8ca-43a9-bce9-76716e83b9dc

This generated password is for development use only. Your security configuration must be updated before running your application in production.

2025-10-03 08:40:04 [main] INFO  o.s.s.c.a.a.c.InitializeUserDetailsBeanManagerConfigurer$InitializeUserDetailsManagerConfigurer - Global AuthenticationManager configured with UserDetailsService bean with name inMemoryUserDetailsManager
2025-10-03 08:40:05 [main] INFO  o.s.b.t.m.w.SpringBootMockServletContext - Initializing Spring TestDispatcherServlet ''
2025-10-03 08:40:05 [main] INFO  o.s.t.w.s.TestDispatcherServlet - Initializing Servlet ''
2025-10-03 08:40:05 [main] INFO  o.s.t.w.s.TestDispatcherServlet - Completed initialization in 2 ms
2025-10-03 08:40:05 [main] INFO  u.b.l.CardControllerTest - Started CardControllerTest in 4.26 seconds (process running for 6.483)
2025-10-03 08:40:36 [main] INFO  o.s.t.c.s.AnnotationConfigContextLoaderUtils - Could not detect default configuration classes for test class [uz.brb.loan_management_system.CardControllerTest]: CardControllerTest does not declare any static, non-private, non-final, nested classes annotated with @Configuration.
2025-10-03 08:40:37 [main] INFO  o.s.b.t.c.SpringBootTestContextBootstrapper - Found @SpringBootConfiguration uz.brb.loan_management_system.LoanManagementSystemApplication for test class uz.brb.loan_management_system.CardControllerTest
2025-10-03 08:40:38 [background-preinit] INFO  o.h.validator.internal.util.Version - HV000001: Hibernate Validator 8.0.2.Final
2025-10-03 08:40:38 [main] INFO  u.b.l.CardControllerTest - Starting CardControllerTest using Java 17.0.6 with PID 11144 (started by norin in C:\Abbos\Spring Project\Test Projects\LoanManagementSystem)
2025-10-03 08:40:38 [main] INFO  u.b.l.CardControllerTest - The following 1 profile is active: "dev"
2025-10-03 08:40:45 [main] WARN  o.s.b.a.s.s.UserDetailsServiceAutoConfiguration - 

Using generated security password: 3c7d459b-c858-4971-9559-1f60c0c2ec76

This generated password is for development use only. Your security configuration must be updated before running your application in production.

2025-10-03 08:40:45 [main] INFO  o.s.s.c.a.a.c.InitializeUserDetailsBeanManagerConfigurer$InitializeUserDetailsManagerConfigurer - Global AuthenticationManager configured with UserDetailsService bean with name inMemoryUserDetailsManager
2025-10-03 08:40:45 [main] INFO  o.s.b.t.m.w.SpringBootMockServletContext - Initializing Spring TestDispatcherServlet ''
2025-10-03 08:40:45 [main] INFO  o.s.t.w.s.TestDispatcherServlet - Initializing Servlet ''
2025-10-03 08:40:45 [main] INFO  o.s.t.w.s.TestDispatcherServlet - Completed initialization in 4 ms
2025-10-03 08:40:46 [main] INFO  u.b.l.CardControllerTest - Started CardControllerTest in 8.497 seconds (process running for 12.948)
2025-10-03 08:41:17 [main] INFO  o.s.t.c.s.AnnotationConfigContextLoaderUtils - Could not detect default configuration classes for test class [uz.brb.loan_management_system.CardControllerTest]: CardControllerTest does not declare any static, non-private, non-final, nested classes annotated with @Configuration.
2025-10-03 08:41:17 [main] INFO  o.s.b.t.c.SpringBootTestContextBootstrapper - Found @SpringBootConfiguration uz.brb.loan_management_system.LoanManagementSystemApplication for test class uz.brb.loan_management_system.CardControllerTest
2025-10-03 08:41:17 [background-preinit] INFO  o.h.validator.internal.util.Version - HV000001: Hibernate Validator 8.0.2.Final
2025-10-03 08:41:17 [main] INFO  u.b.l.CardControllerTest - Starting CardControllerTest using Java 17.0.6 with PID 1828 (started by norin in C:\Abbos\Spring Project\Test Projects\LoanManagementSystem)
2025-10-03 08:41:17 [main] INFO  u.b.l.CardControllerTest - The following 1 profile is active: "dev"
2025-10-03 08:41:21 [main] WARN  o.s.b.a.s.s.UserDetailsServiceAutoConfiguration - 

Using generated security password: b96e6150-cf4b-4acc-8f4c-b8c50ca6edc7

This generated password is for development use only. Your security configuration must be updated before running your application in production.

2025-10-03 08:41:21 [main] INFO  o.s.s.c.a.a.c.InitializeUserDetailsBeanManagerConfigurer$InitializeUserDetailsManagerConfigurer - Global AuthenticationManager configured with UserDetailsService bean with name inMemoryUserDetailsManager
2025-10-03 08:41:21 [main] INFO  o.s.b.t.m.w.SpringBootMockServletContext - Initializing Spring TestDispatcherServlet ''
2025-10-03 08:41:21 [main] INFO  o.s.t.w.s.TestDispatcherServlet - Initializing Servlet ''
2025-10-03 08:41:21 [main] INFO  o.s.t.w.s.TestDispatcherServlet - Completed initialization in 2 ms
2025-10-03 08:41:21 [main] INFO  u.b.l.CardControllerTest - Started CardControllerTest in 4.008 seconds (process running for 5.87)
